<?xml version="1.0" encoding="UTF-8"?>
<!-- Generated by org.testng.reporters.JUnitReportReporter -->
<testsuite name="AMOS_Regression.AMOSActivation" tests="1" time="237.753" ignored="0" failures="0" timestamp="13 Jan 2020 14:34:22 GMT" skipped="0" hostname="X3552" errors="0">
  <testcase name="main" time="237.753" classname="AMOS_Regression.AMOSActivation"/>
</testsuite> <!-- AMOS_Regression.AMOSActivation -->
